::1 - - [01/May/2015:00:34:40 +0800] "GET /favicon.ico HTTP/1.1" 404 209
::1 - - [01/May/2015:00:34:41 +0800] "GET / HTTP/1.1" 200 161
::1 - - [01/May/2015:00:34:41 +0800] "GET /favicon.ico HTTP/1.1" 404 209
::1 - - [01/May/2015:00:35:21 +0800] "GET /phpinfo.php HTTP/1.1" 200 -
::1 - - [01/May/2015:00:35:21 +0800] "GET /phpinfo.php HTTP/1.1" 200 -
::1 - - [01/May/2015:00:36:44 +0800] "GET /phpinfo.php HTTP/1.1" 200 88738
::1 - - [01/May/2015:00:40:08 +0800] "GET /phpinfo.php HTTP/1.1" 200 88738
::1 - - [01/May/2015:00:40:24 +0800] "GET /phpinfo.php HTTP/1.1" 200 88737
::1 - - [01/May/2015:00:40:24 +0800] "GET /phpinfo.php HTTP/1.1" 200 88738
::1 - - [01/May/2015:00:42:34 +0800] "GET /phpinfo.php HTTP/1.1" 200 88738
::1 - - [01/May/2015:00:42:35 +0800] "GET /phpinfo.php HTTP/1.1" 200 88738
::1 - - [01/May/2015:00:42:41 +0800] "GET /phpinfo.php HTTP/1.1" 200 88244
::1 - - [01/May/2015:00:47:12 +0800] "GET /phpinfo.php HTTP/1.1" 200 94724
::1 - - [01/May/2015:00:50:52 +0800] "GET /phpinfo.php HTTP/1.1" 200 94708
::1 - - [01/May/2015:00:55:40 +0800] "GET /index.php HTTP/1.1" 200 94457
::1 - - [01/May/2015:00:56:25 +0800] "GET /index.php HTTP/1.1" 200 153866
::1 - - [01/May/2015:00:56:33 +0800] "GET /index.php?XDEBUG_SESSION_START=14166 HTTP/1.1" 200 154474
::1 - - [01/May/2015:00:59:27 +0800] "GET /index.php?XDEBUG_SESSION_START=14448 HTTP/1.1" 200 154962
127.0.0.1 - - [01/May/2015:09:41:51 +0800] "GET /pagead/js/adsbygoogle.js HTTP/1.1" 404 222
127.0.0.1 - - [01/May/2015:09:42:03 +0800] "GET /tag/js/gpt.js HTTP/1.1" 404 211
127.0.0.1 - - [01/May/2015:09:48:06 +0800] "GET /tag/js/gpt.js HTTP/1.1" 404 211
::1 - - [01/May/2015:10:26:03 +0800] "GET /favicon.ico HTTP/1.1" 404 209
::1 - - [01/May/2015:10:26:05 +0800] "GET / HTTP/1.1" - 2197
::1 - - [01/May/2015:10:26:05 +0800] "GET /favicon.ico HTTP/1.1" 404 209
::1 - - [01/May/2015:10:26:14 +0800] "GET /? HTTP/1.1" - 2197
::1 - - [01/May/2015:10:26:52 +0800] "GET /? HTTP/1.1" - 2197
::1 - - [01/May/2015:10:26:52 +0800] "GET /favicon.ico HTTP/1.1" 404 209
::1 - - [01/May/2015:10:26:55 +0800] "GET / HTTP/1.1" - 2197
::1 - - [01/May/2015:10:27:20 +0800] "GET /?name=c HTTP/1.1" - 2197
::1 - - [01/May/2015:10:27:52 +0800] "GET /index.php?XDEBUG_SESSION_START=19840 HTTP/1.1" - 2210
::1 - - [01/May/2015:10:28:20 +0800] "GET /index.php?XDEBUG_SESSION_START=18615 HTTP/1.1" - 2210
::1 - - [01/May/2015:10:28:45 +0800] "GET /index.php HTTP/1.1" - 2197
::1 - - [01/May/2015:10:28:55 +0800] "GET /index.php?XDEBUG_SESSION_START=14663 HTTP/1.1" - 2211
::1 - - [01/May/2015:10:30:49 +0800] "GET /index.php?name=c HTTP/1.1" - 1266
::1 - - [01/May/2015:10:31:50 +0800] "GET /index.php?name=c HTTP/1.1" - 96125
::1 - - [01/May/2015:10:32:06 +0800] "GET /index.php?name=c HTTP/1.1" 200 94859
::1 - - [01/May/2015:10:32:22 +0800] "GET /index.php?name=c HTTP/1.1" - 96125
::1 - - [01/May/2015:10:33:11 +0800] "GET /index.php?name=c HTTP/1.1" 400 61
::1 - - [01/May/2015:10:33:15 +0800] "GET /index.php?name=c HTTP/1.1" 400 61
::1 - - [01/May/2015:10:33:24 +0800] "GET /index.php?name=java HTTP/1.1" 400 61
::1 - - [01/May/2015:10:34:45 +0800] "GET /index.php?name=java HTTP/1.1" 400 61
::1 - - [01/May/2015:10:34:52 +0800] "GET /?name=java HTTP/1.1" 400 61
::1 - - [01/May/2015:10:35:12 +0800] "GET /?name=java HTTP/1.1" 200 1000
::1 - - [01/May/2015:10:34:35 +0800] "GET /? HTTP/1.1" 200 -
::1 - - [01/May/2015:10:35:19 +0800] "GET /? HTTP/1.1" 200 1000
::1 - - [01/May/2015:10:35:29 +0800] "GET /? HTTP/1.1" 200 1000
::1 - - [01/May/2015:10:35:36 +0800] "GET /? HTTP/1.1" 200 1000
::1 - - [01/May/2015:10:36:44 +0800] "GET /? HTTP/1.1" 400 61
::1 - - [01/May/2015:10:36:49 +0800] "GET /favicon.ico HTTP/1.1" 404 209
::1 - - [01/May/2015:10:36:51 +0800] "GET /?name=c HTTP/1.1" 200 953
::1 - - [01/May/2015:10:37:26 +0800] "GET /?name=c HTTP/1.1" 200 55
::1 - - [01/May/2015:10:39:37 +0800] "GET /?name=php HTTP/1.1" 200 55
::1 - - [01/May/2015:10:39:41 +0800] "GET /?ns HTTP/1.1" 400 61
::1 - - [01/May/2015:10:43:17 +0800] "GET /AngularCodeCustomerManagerApp/services/customers HTTP/1.1" 200 5606
::1 - - [01/May/2015:10:45:00 +0800] "GET /AngularCodeCustomerManagerApp/services/customers HTTP/1.1" 200 3844
::1 - - [01/May/2015:10:45:13 +0800] "GET /AngularCodeCustomerManagerApp/index.html HTTP/1.1" 200 1823
::1 - - [01/May/2015:10:45:13 +0800] "GET /AngularCodeCustomerManagerApp/css/bootstrap.min.css HTTP/1.1" 200 99961
::1 - - [01/May/2015:10:45:13 +0800] "GET /AngularCodeCustomerManagerApp/js/angular-route.min.js HTTP/1.1" 200 3933
::1 - - [01/May/2015:10:45:13 +0800] "GET /AngularCodeCustomerManagerApp/app/app.js HTTP/1.1" 200 3155
::1 - - [01/May/2015:10:45:13 +0800] "GET /AngularCodeCustomerManagerApp/js/angular.min.js HTTP/1.1" 200 100329
::1 - - [01/May/2015:10:45:13 +0800] "GET /AngularCodeCustomerManagerApp/partials/customers.html HTTP/1.1" 200 1300
::1 - - [01/May/2015:10:45:13 +0800] "GET /AngularCodeCustomerManagerApp/fonts/glyphicons-halflings-regular.woff HTTP/1.1" 200 23320
::1 - - [01/May/2015:10:45:13 +0800] "GET /AngularCodeCustomerManagerApp/services/customers HTTP/1.1" 200 3844
::1 - - [01/May/2015:10:45:16 +0800] "GET /AngularCodeCustomerManagerApp/partials/edit-customer.html HTTP/1.1" 200 3032
::1 - - [01/May/2015:10:45:16 +0800] "GET /AngularCodeCustomerManagerApp/services/customer?id=168 HTTP/1.1" 200 192
::1 - - [01/May/2015:10:45:18 +0800] "GET /AngularCodeCustomerManagerApp/services/customers HTTP/1.1" 200 3844
::1 - - [01/May/2015:10:46:41 +0800] "GET /AngularCodeCustomerManagerApp/services/customer?id=0 HTTP/1.1" 204 -
::1 - - [01/May/2015:10:46:46 +0800] "GET /AngularCodeCustomerManagerApp/services/customers HTTP/1.1" 200 3844
::1 - - [01/May/2015:10:46:48 +0800] "GET /AngularCodeCustomerManagerApp/services/customer?id=168 HTTP/1.1" 200 192
::1 - - [01/May/2015:10:46:51 +0800] "GET /AngularCodeCustomerManagerApp/services/customers HTTP/1.1" 200 3844
::1 - - [01/May/2015:10:46:54 +0800] "GET /AngularCodeCustomerManagerApp/services/customer?id=0 HTTP/1.1" 204 -
::1 - - [01/May/2015:10:46:57 +0800] "GET /AngularCodeCustomerManagerApp/services/customers HTTP/1.1" 200 3844
::1 - - [01/May/2015:10:46:59 +0800] "GET /AngularCodeCustomerManagerApp/services/customer?id=168 HTTP/1.1" 200 192
::1 - - [01/May/2015:10:47:04 +0800] "GET /AngularCodeCustomerManagerApp/services/customer?id=0 HTTP/1.1" 204 -
::1 - - [01/May/2015:10:47:28 +0800] "POST /AngularCodeCustomerManagerApp/services/insertCustomer HTTP/1.1" 200 148
::1 - - [01/May/2015:10:47:28 +0800] "GET /AngularCodeCustomerManagerApp/services/customers HTTP/1.1" 200 3980
::1 - - [01/May/2015:10:59:27 +0800] "GET /favicon.ico HTTP/1.1" 404 209
::1 - - [01/May/2015:11:27:57 +0800] "GET /favicon.ico HTTP/1.1" 404 209
::1 - - [01/May/2015:12:10:19 +0800] "GET /?name=java HTTP/1.1" 200 55
::1 - - [01/May/2015:12:19:20 +0800] "GET /favicon.ico HTTP/1.1" 404 209
::1 - - [01/May/2015:13:01:13 +0800] "GET /index.php?XDEBUG_SESSION_START=14663 HTTP/1.1" 400 61
::1 - - [01/May/2015:13:12:44 +0800] "GET /favicon.ico HTTP/1.1" 404 209
::1 - - [01/May/2015:13:56:25 +0800] "GET /favicon.ico HTTP/1.1" 404 209
::1 - - [01/May/2015:14:38:19 +0800] "GET /favicon.ico HTTP/1.1" 404 209
::1 - - [01/May/2015:16:22:19 +0800] "GET /favicon.ico HTTP/1.1" 404 209
127.0.0.1 - - [01/May/2015:16:30:48 +0800] "GET /pagead/ads?client=ca-pub-7584293239613139&output=html&h=250&slotname=4047907626&adk=1780707818&w=300&ea=0&flash=11.6.602&url=http%3A%2F%2Fg.163.com%2Fr%3Fsite%3Dnetease%26affiliate%3Dhomepage%26cat%3Dhomepage%26type%3Dlogo300x250%26location%3D4&dt=1430469047920&bpp=16&bdt=42&shv=r20150423&cbv=r20150428&saldr=sa&correlator=5949417449473&frm=8&ga_vid=1182603525.1422754780&ga_sid=1430469048&ga_hid=1007846993&ga_fc=0&u_tz=480&u_his=2&u_java=1&u_h=1080&u_w=1920&u_ah=1040&u_aw=1920&u_cd=32&u_nplug=59&u_nmime=129&dff=simsun&dfs=16&adx=0&ady=0&biw=-12245933&bih=-12245933&isw=300&ish=250&ifk=1066528622&eid=317150304&oid=3&top=http%3A%2F%2Fwww.163.com&rx=0&eae=2&jp=2&brdim=8%2C8%2C8%2C8%2C1920%2C0%2C1904%2C1025%2C300%2C250&vis=1&rsz=%7C%7C%7Cd&abl=XS&ppjl=u&srr=1&fu=8&bc=1&ifi=1&dtd=110 HTTP/1.1" 404 208
::1 - - [01/May/2015:16:33:31 +0800] "GET /favicon.ico HTTP/1.1" 404 209
::1 - - [01/May/2015:16:33:36 +0800] "GET /AngularCodeCustomerManagerApp/services/customers HTTP/1.1" 200 3844
::1 - - [01/May/2015:16:33:48 +0800] "GET /AngularCodeCustomerManagerApp/services/customer?id=168 HTTP/1.1" 200 192
::1 - - [01/May/2015:16:33:51 +0800] "POST /AngularCodeCustomerManagerApp/services/updateCustomer HTTP/1.1" 200 296
::1 - - [01/May/2015:16:33:51 +0800] "GET /AngularCodeCustomerManagerApp/services/customers HTTP/1.1" 200 3845
::1 - - [01/May/2015:16:34:13 +0800] "GET / HTTP/1.1" 400 61
127.0.0.1 - - [01/May/2015:16:54:59 +0800] "GET /pagead/js/adsbygoogle.js HTTP/1.1" 404 222
::1 - - [01/May/2015:17:50:29 +0800] "GET / HTTP/1.1" 200 1375
::1 - - [01/May/2015:17:51:57 +0800] "GET / HTTP/1.1" 200 1387
::1 - - [01/May/2015:17:53:02 +0800] "GET / HTTP/1.1" 200 1328
::1 - - [01/May/2015:17:55:03 +0800] "GET / HTTP/1.1" 200 1328
::1 - - [01/May/2015:17:55:35 +0800] "GET / HTTP/1.1" 200 22
::1 - - [01/May/2015:17:56:59 +0800] "GET /favicon.ico HTTP/1.1" 404 209
::1 - - [01/May/2015:18:04:00 +0800] "GET / HTTP/1.1" 200 4008
::1 - - [01/May/2015:18:07:43 +0800] "GET / HTTP/1.1" 200 4494
::1 - - [01/May/2015:18:08:14 +0800] "GET / HTTP/1.1" 200 22
::1 - - [01/May/2015:18:08:37 +0800] "GET / HTTP/1.1" 200 22
::1 - - [01/May/2015:18:08:55 +0800] "GET / HTTP/1.1" 200 22
::1 - - [01/May/2015:18:09:41 +0800] "GET / HTTP/1.1" 200 22
::1 - - [01/May/2015:18:10:21 +0800] "GET /index.php HTTP/1.1" 200 22
::1 - - [01/May/2015:18:10:22 +0800] "GET /favicon.ico HTTP/1.1" 404 209
::1 - - [01/May/2015:18:17:57 +0800] "GET /index.php HTTP/1.1" 200 22
::1 - - [01/May/2015:18:18:27 +0800] "GET /index.php HTTP/1.1" 200 22
::1 - - [01/May/2015:18:26:51 +0800] "GET /index.php HTTP/1.1" 200 1909
::1 - - [01/May/2015:18:27:12 +0800] "GET /index.php HTTP/1.1" 200 250
::1 - - [01/May/2015:18:33:48 +0800] "GET /index.php HTTP/1.1" 200 4932
::1 - - [01/May/2015:18:34:31 +0800] "GET /index.php HTTP/1.1" 200 312
::1 - - [01/May/2015:18:35:52 +0800] "GET /index.php HTTP/1.1" 200 312
::1 - - [01/May/2015:18:35:56 +0800] "GET /index.php HTTP/1.1" 200 312
::1 - - [01/May/2015:18:36:07 +0800] "GET /index.php HTTP/1.1" 200 312
::1 - - [01/May/2015:18:36:09 +0800] "GET /index.php HTTP/1.1" 200 312
::1 - - [01/May/2015:18:36:11 +0800] "GET /index.php HTTP/1.1" 200 312
::1 - - [01/May/2015:18:46:03 +0800] "GET /index.php HTTP/1.1" 200 312
::1 - - [01/May/2015:18:46:45 +0800] "GET /index.php HTTP/1.1" 200 370
::1 - - [01/May/2015:18:46:49 +0800] "GET /index.php HTTP/1.1" 200 429
::1 - - [01/May/2015:19:27:55 +0800] "GET /favicon.ico HTTP/1.1" 404 209
::1 - - [01/May/2015:19:28:01 +0800] "GET /insertToDB.php HTTP/1.1" 200 464
::1 - - [01/May/2015:19:28:01 +0800] "GET /css/bootstrap.min.css HTTP/1.1" 404 219
::1 - - [01/May/2015:19:28:33 +0800] "GET /insertToDB.php HTTP/1.1" 200 464
::1 - - [01/May/2015:19:28:33 +0800] "GET /css/bootstrap.min.css HTTP/1.1" 404 219
::1 - - [01/May/2015:19:28:35 +0800] "GET /insertToDB.php HTTP/1.1" 200 464
::1 - - [01/May/2015:19:28:35 +0800] "GET /css/bootstrap.min.css HTTP/1.1" 404 219
::1 - - [01/May/2015:19:28:35 +0800] "GET /insertToDB.php HTTP/1.1" 200 464
::1 - - [01/May/2015:19:28:35 +0800] "GET /css/bootstrap.min.css HTTP/1.1" 404 219
::1 - - [01/May/2015:19:28:35 +0800] "GET /insertToDB.php HTTP/1.1" 200 464
::1 - - [01/May/2015:19:28:35 +0800] "GET /css/bootstrap.min.css HTTP/1.1" 404 219
::1 - - [01/May/2015:19:33:18 +0800] "GET /index.php HTTP/1.1" 200 488
::1 - - [01/May/2015:19:33:25 +0800] "GET /insertToDB.php HTTP/1.1" 200 464
::1 - - [01/May/2015:19:33:25 +0800] "GET /css/bootstrap.min.css HTTP/1.1" 404 219
::1 - - [01/May/2015:19:33:26 +0800] "GET /insertToDB.php HTTP/1.1" 200 464
::1 - - [01/May/2015:19:33:26 +0800] "GET /css/bootstrap.min.css HTTP/1.1" 404 219
::1 - - [01/May/2015:19:33:26 +0800] "GET /insertToDB.php HTTP/1.1" 200 464
::1 - - [01/May/2015:19:33:26 +0800] "GET /css/bootstrap.min.css HTTP/1.1" 404 219
::1 - - [01/May/2015:19:35:05 +0800] "GET /insertToDB.php HTTP/1.1" 200 12661
::1 - - [01/May/2015:19:35:05 +0800] "GET /css/bootstrap.min.css HTTP/1.1" 404 219
::1 - - [01/May/2015:19:45:28 +0800] "GET /insertToDB.php HTTP/1.1" 200 3145
::1 - - [01/May/2015:19:45:28 +0800] "GET /css/bootstrap.min.css HTTP/1.1" 404 219
::1 - - [01/May/2015:19:46:01 +0800] "GET /insertToDB.php HTTP/1.1" 200 3145
::1 - - [01/May/2015:19:46:01 +0800] "GET /css/bootstrap.min.css HTTP/1.1" 404 219
::1 - - [01/May/2015:19:46:02 +0800] "GET /insertToDB.php HTTP/1.1" 200 3145
::1 - - [01/May/2015:19:46:02 +0800] "GET /css/bootstrap.min.css HTTP/1.1" 404 219
::1 - - [01/May/2015:19:46:02 +0800] "GET /insertToDB.php HTTP/1.1" 200 3145
::1 - - [01/May/2015:19:46:02 +0800] "GET /css/bootstrap.min.css HTTP/1.1" 404 219
::1 - - [01/May/2015:19:46:39 +0800] "GET /insertToDB.php HTTP/1.1" 200 12661
::1 - - [01/May/2015:19:46:39 +0800] "GET /css/bootstrap.min.css HTTP/1.1" 404 219
::1 - - [01/May/2015:19:46:49 +0800] "GET /insertToDB.php HTTP/1.1" 200 12654
::1 - - [01/May/2015:19:46:49 +0800] "GET /css/bootstrap.min.css HTTP/1.1" 404 219
::1 - - [01/May/2015:19:47:33 +0800] "GET /insertToDB.php HTTP/1.1" 200 12654
::1 - - [01/May/2015:19:47:33 +0800] "GET /css/bootstrap.min.css HTTP/1.1" 404 219
::1 - - [01/May/2015:19:47:34 +0800] "GET /insertToDB.php HTTP/1.1" 200 12654
::1 - - [01/May/2015:19:47:34 +0800] "GET /css/bootstrap.min.css HTTP/1.1" 404 219
::1 - - [01/May/2015:19:48:10 +0800] "GET /insertToDB.php HTTP/1.1" 200 12860
::1 - - [01/May/2015:19:48:10 +0800] "GET /css/bootstrap.min.css HTTP/1.1" 404 219
::1 - - [01/May/2015:19:49:34 +0800] "GET /insertToDB.php HTTP/1.1" 200 651
::1 - - [01/May/2015:19:49:34 +0800] "GET /css/bootstrap.min.css HTTP/1.1" 404 219
::1 - - [01/May/2015:19:49:36 +0800] "GET /insertToDB.php HTTP/1.1" 200 651
::1 - - [01/May/2015:19:49:36 +0800] "GET /css/bootstrap.min.css HTTP/1.1" 404 219
::1 - - [01/May/2015:19:50:14 +0800] "GET /insertToDB.php HTTP/1.1" 200 13118
::1 - - [01/May/2015:19:50:14 +0800] "GET /css/bootstrap.min.css HTTP/1.1" 404 219
::1 - - [01/May/2015:19:59:24 +0800] "GET /index.php HTTP/1.1" 200 973
::1 - - [01/May/2015:20:01:18 +0800] "GET /index.php HTTP/1.1" 200 973
::1 - - [01/May/2015:20:01:20 +0800] "GET /index.php HTTP/1.1" 200 973
::1 - - [01/May/2015:20:02:30 +0800] "GET /index.php HTTP/1.1" 200 973
::1 - - [01/May/2015:20:03:19 +0800] "GET /index.php HTTP/1.1" 200 973
::1 - - [01/May/2015:20:04:05 +0800] "GET /index.php HTTP/1.1" 200 846
::1 - - [01/May/2015:20:04:35 +0800] "GET /index.php HTTP/1.1" 200 962
::1 - - [01/May/2015:20:05:09 +0800] "GET /css/bootstrap.min.css HTTP/1.1" 404 219
::1 - - [01/May/2015:20:05:01 +0800] "GET /insertToDB.php HTTP/1.1" 200 31717
::1 - - [01/May/2015:20:05:51 +0800] "GET /index.php HTTP/1.1" 200 1285
::1 - - [01/May/2015:20:07:26 +0800] "GET /insertToDB.php HTTP/1.1" 200 4312
::1 - - [01/May/2015:20:07:57 +0800] "GET /css/bootstrap.min.css HTTP/1.1" 404 219
::1 - - [01/May/2015:20:09:21 +0800] "GET /insertToDB.php HTTP/1.1" 200 13097
::1 - - [01/May/2015:20:09:22 +0800] "GET /css/bootstrap.min.css HTTP/1.1" 404 219
::1 - - [01/May/2015:20:09:30 +0800] "GET /index.php HTTP/1.1" 200 2142
::1 - - [01/May/2015:20:09:37 +0800] "GET /index.php HTTP/1.1" 200 2198
::1 - - [01/May/2015:20:12:04 +0800] "GET /insertToDB.php HTTP/1.1" 200 13097
::1 - - [01/May/2015:20:12:05 +0800] "GET /css/bootstrap.min.css HTTP/1.1" 404 219
::1 - - [01/May/2015:20:13:15 +0800] "GET /index.php HTTP/1.1" 200 590
::1 - - [01/May/2015:20:32:29 +0800] "GET /index.php?XDEBUG_SESSION_START=11561 HTTP/1.1" 200 646
::1 - - [01/May/2015:20:33:08 +0800] "GET /insertToDB.php?XDEBUG_SESSION_START=15630 HTTP/1.1" 200 1008
::1 - - [01/May/2015:20:36:03 +0800] "GET /css/bootstrap.min.css HTTP/1.1" 404 219
::1 - - [01/May/2015:20:36:31 +0800] "GET /insertToDB.php?XDEBUG_SESSION_START=12295 HTTP/1.1" 200 617
::1 - - [01/May/2015:20:52:26 +0800] "GET /css/bootstrap.min.css HTTP/1.1" 404 219
::1 - - [01/May/2015:20:52:30 +0800] "GET /insertToDB.php?XDEBUG_SESSION_START=15630 HTTP/1.1" 200 13097
::1 - - [01/May/2015:20:52:31 +0800] "GET /css/bootstrap.min.css HTTP/1.1" 404 219
::1 - - [01/May/2015:20:53:10 +0800] "GET /css/bootstrap.min.css HTTP/1.1" 404 219
::1 - - [01/May/2015:20:53:09 +0800] "GET /insertToDB.php?XDEBUG_SESSION_START=15630 HTTP/1.1" 200 13097
::1 - - [01/May/2015:20:54:57 +0800] "GET /insertToDB.php?XDEBUG_SESSION_START=15630 HTTP/1.1" 200 13097
::1 - - [01/May/2015:20:54:58 +0800] "GET /css/bootstrap.min.css HTTP/1.1" 404 219
::1 - - [01/May/2015:20:55:53 +0800] "GET /insertToDB.php?XDEBUG_SESSION_START=15630 HTTP/1.1" 200 13097
::1 - - [01/May/2015:20:55:54 +0800] "GET /css/bootstrap.min.css HTTP/1.1" 404 219
::1 - - [01/May/2015:21:10:09 +0800] "GET /insertToDB.php?XDEBUG_SESSION_START=15630 HTTP/1.1" 200 14106
::1 - - [01/May/2015:21:10:10 +0800] "GET /css/bootstrap.min.css HTTP/1.1" 404 219
::1 - - [01/May/2015:21:15:08 +0800] "GET /favicon.ico HTTP/1.1" 404 209
::1 - - [01/May/2015:21:28:41 +0800] "GET /insertToDB.php?XDEBUG_SESSION_START=15630 HTTP/1.1" 200 14106
::1 - - [01/May/2015:21:28:42 +0800] "GET /css/bootstrap.min.css HTTP/1.1" 404 219
::1 - - [01/May/2015:21:31:53 +0800] "GET /insertToDB.php?XDEBUG_SESSION_START=15630 HTTP/1.1" 200 14106
::1 - - [01/May/2015:21:31:54 +0800] "GET /css/bootstrap.min.css HTTP/1.1" 404 219
::1 - - [01/May/2015:21:36:38 +0800] "GET /insertToDB.php?XDEBUG_SESSION_START=15630 HTTP/1.1" 200 2448
::1 - - [01/May/2015:21:36:39 +0800] "GET /css/bootstrap.min.css HTTP/1.1" 404 219
::1 - - [01/May/2015:21:38:09 +0800] "GET /insertToDB.php?XDEBUG_SESSION_START=19421 HTTP/1.1" 200 2448
::1 - - [01/May/2015:21:38:10 +0800] "GET /css/bootstrap.min.css HTTP/1.1" 404 219
::1 - - [01/May/2015:21:38:26 +0800] "GET /insertToDB.php?XDEBUG_SESSION_START=17365 HTTP/1.1" 200 1869
::1 - - [01/May/2015:21:39:44 +0800] "GET /css/bootstrap.min.css HTTP/1.1" 404 219
::1 - - [01/May/2015:21:40:04 +0800] "GET /insertToDB.php?XDEBUG_SESSION_START=13757 HTTP/1.1" 200 1437
::1 - - [01/May/2015:21:40:11 +0800] "GET /css/bootstrap.min.css HTTP/1.1" 404 219
::1 - - [01/May/2015:21:40:16 +0800] "GET /css/bootstrap.min.css HTTP/1.1" 404 219
::1 - - [01/May/2015:21:40:14 +0800] "GET /insertToDB.php?XDEBUG_SESSION_START=13757 HTTP/1.1" 200 255148
::1 - - [01/May/2015:21:44:35 +0800] "GET /css/bootstrap.min.css HTTP/1.1" 404 219
::1 - - [01/May/2015:21:44:33 +0800] "GET /insertToDB.php?XDEBUG_SESSION_START=13757 HTTP/1.1" 200 288817
::1 - - [01/May/2015:21:57:03 +0800] "GET /css/bootstrap.min.css HTTP/1.1" 404 219
::1 - - [01/May/2015:21:57:02 +0800] "GET /insertToDB.php?XDEBUG_SESSION_START=13757 HTTP/1.1" 200 287785
::1 - - [01/May/2015:21:59:09 +0800] "GET /css/bootstrap.min.css HTTP/1.1" 404 219
::1 - - [01/May/2015:21:59:08 +0800] "GET /insertToDB.php?XDEBUG_SESSION_START=13757 HTTP/1.1" 200 28756
::1 - - [01/May/2015:21:59:38 +0800] "GET /insertToDB.php?XDEBUG_SESSION_START=19552 HTTP/1.1" 200 2781
::1 - - [01/May/2015:22:00:14 +0800] "GET /css/bootstrap.min.css HTTP/1.1" 404 219
::1 - - [01/May/2015:22:01:07 +0800] "GET /css/bootstrap.min.css HTTP/1.1" 404 219
::1 - - [01/May/2015:22:01:06 +0800] "GET /insertToDB.php?XDEBUG_SESSION_START=19552 HTTP/1.1" 200 29276
::1 - - [01/May/2015:22:05:15 +0800] "GET /css/bootstrap.min.css HTTP/1.1" 404 219
::1 - - [01/May/2015:22:05:14 +0800] "GET /insertToDB.php?XDEBUG_SESSION_START=19552 HTTP/1.1" 200 316356
::1 - - [01/May/2015:22:05:54 +0800] "GET /css/bootstrap.min.css HTTP/1.1" 404 219
::1 - - [01/May/2015:22:05:53 +0800] "GET /insertToDB.php?XDEBUG_SESSION_START=19552 HTTP/1.1" 200 316356
127.0.0.1 - - [01/May/2015:22:08:43 +0800] "GET /pagead/gen_204?id=wfocus&gqid=jodDVcmrMdWhoAPipoGYAw&qqid=CK7Wy9naoMUCFVWFaAodpHwAPg&fg=1 HTTP/1.1" 404 212
127.0.0.1 - - [01/May/2015:22:08:43 +0800] "GET /pagead/gen_204?id=wfocus&gqid=j4dDVdGSNNKKogOMkYGwAQ&qqid=CMm_i9raoMUCFVUNaAodiUwAbw&fg=1 HTTP/1.1" 404 212
127.0.0.1 - - [01/May/2015:22:08:43 +0800] "GET /pagead/gen_204?id=wfocus&gqid=kYdDVbWTDI-moAOr9oD4CQ&qqid=CLrI3draoMUCFU4SaAodlj8Abw&fg=1 HTTP/1.1" 404 212
127.0.0.1 - - [01/May/2015:22:08:48 +0800] "GET /favicon.ico HTTP/1.1" 404 209
127.0.0.1 - - [01/May/2015:22:08:48 +0800] "GET /favicon.ico HTTP/1.1" 404 209
127.0.0.1 - - [01/May/2015:22:09:07 +0800] "GET /activeview?id=osdtos&avi=BiS9yY3pDVfbuFZevvASC8YG4BACQzdH21gEAABABOAHIAQnIA5DAEaAGEcITAxCAAQ&cid=5GiMO17e55xYoX3TlYlGTGJ4_Vc&ti=1&adk=1178515069&p=328,480,418,1208&tos=0,50902,0,0,0&mtos=0,50902,50902,50902,50902&rs=1&ht=0&tfs=10187&tls=60840&fp=client%3Dca-pub-3908995730077629%26url%3Dhttp%253A%252F%252Fwww.nowamagic.net%252Fphp%252Fphp_TraversalAllFilesInDir.php%26correlator%3D8433601681409%26eid%3D317150304%26oid%3D3&afp=%26output%3Dhtml%26slotname%3D0450659969%26flash%3D11.6.602%26dt%3D1430485637146%26adx%3D480%26ady%3D328%26ifi%3D1&tdl=1592&abd=1-0-761&r=t&bs=1903,917&bos=1904,1025&ps=1903,2471&ss=1920,1080&tt=3600159&pt=109027&deb=1-2-2-47-761-0&tvt=336224&iframe_loc=http%3A%2F%2Fwww.nowamagic.net%2Fphp%2Fphp_TraversalAllFilesInDir.php&is=728,90&uc=760 HTTP/1.1" 404 208
127.0.0.1 - - [01/May/2015:22:09:07 +0800] "GET /activeview?id=osdtos&avi=BMDemY3pDVbHvLZaboAPGu4HwBADazofqtwEAABABOAHIAQLIA8EEoAYCwhMDEIAB&cid=5GgMIzpG8LePyMVIPBv2virpeWg&ti=1&adk=3988481984&p=732,1225,932,1425&tos=72780,953,125,160734,94&mtos=39952,40873,40983,201686,201733&rs=1&ht=0&tfs=108903&tls=3709186&fp=client%3Dca-pub-3908995730077629%26url%3Dhttp%253A%252F%252Fwww.nowamagic.net%252Fphp%252Fphp_TraversalAllFilesInDir.php%26correlator%3D8433601681409%26eid%3D317150304%26oid%3D3&afp=%26output%3Dhtml%26slotname%3D6112530698%26flash%3D11.6.602%26dt%3D1430485637161%26adx%3D1225%26ady%3D732%26ifi%3D2&abd=403-0-359&r=t&bs=1903,917&bos=1904,1025&ps=1903,2471&ss=1920,1080&tt=3600159&pt=109027&deb=1-2-2-47-761-0&tvt=336224&iframe_loc=http%3A%2F%2Fwww.nowamagic.net%2Fphp%2Fphp_TraversalAllFilesInDir.php&is=728,90&uc=358 HTTP/1.1" 404 208
127.0.0.1 - - [01/May/2015:22:09:10 +0800] "GET /activeview?id=osdtos&avi=Bg2LAj4dDVYm8NNWaoAOJmYH4BgD9qI668wEAABABOAHIAQHIA8MEwhMDEIAB&cid=5Gj9Pk6TeHUAsKA9A0K2e9EZSCY&ti=1&adk=2852671901&p=107,957,167,1432&tos=7254,16,0,15,16&mtos=7254,7270,7270,7285,7301&rs=1&ht=0&tfs=14374&tls=61127&fp=client%3Dca-pub-1076724771190722%26url%3Dhttp%253A%252F%252Fbbs.csdn.net%252Ftopics%252F190023979%26correlator%3D3810302017537%26eid%3D317150304%26oid%3D3&afp=%26format%3D475x60%26output%3Dhtml%26slotname%3D5620367445%26flash%3D11.6.602%26dt%3D1430489008410%26adx%3D957%26ady%3D107%26ifi%3D2&abd=3-0-201&r=u&bs=1903,917&bos=1904,1025&ps=1903,7304&ss=1920,1080&tt=298175&pt=41409&deb=1-3-3-31-204-15&tvt=46959&iframe_loc=http%3A%2F%2Fbbs.csdn.net%2Ftopics%2F190023979&is=475,60&uc=201 HTTP/1.1" 404 208
127.0.0.1 - - [01/May/2015:22:09:10 +0800] "GET /activeview?id=osdtos&avi=BlEORjodDVa7XMdWKogOk-YHwAwCbhdKanAEAABABOAHIAQHIA8MEwhMDEIAB&cid=5GiSu71W38bw_Px544cxsxE32eA&ti=1&adk=1910015635&p=107,472,167,947&tos=7254,16,0,15,16&mtos=7254,7270,7270,7285,7301&rs=1&ht=0&tfs=13578&tls=61127&fp=client%3Dca-pub-1076724771190722%26url%3Dhttp%253A%252F%252Fbbs.csdn.net%252Ftopics%252F190023979%26correlator%3D3810302017537%26eid%3D317150304%26oid%3D3&afp=%26format%3D475x60_as%26output%3Dhtml%26slotname%3D4143634246%26flash%3D11.6.602%26dt%3D1430489008410%26adx%3D472%26ady%3D107%26ifi%3D1&tdl=2715&abd=2-0-202&r=u&bs=1903,917&bos=1904,1025&ps=1903,7304&ss=1920,1080&tt=298175&pt=41409&deb=1-3-3-31-204-15&tvt=46959&iframe_loc=http%3A%2F%2Fbbs.csdn.net%2Ftopics%2F190023979&is=475,60&uc=202 HTTP/1.1" 404 208
127.0.0.1 - - [01/May/2015:22:09:10 +0800] "GET /pagead/gen_204?id=osd&adk1936186064=p%3A%2C0%2C0%2C90%2C728%2Ctos%3A%2C0%2C0%2C0%2C0%2C0%2Cmtos%3A%2C0%2C0%2C0%2C0%2C0%2Crs%3A%2C1%2Czoom%3A%2C0%2C0%2C0%2C0%2C0%2Cht%3A%2C0%2Cvt%3A%2C-1%2Cfp%3A%2C%26format%3D728x90_as%26output%3Dhtml%26slotname%3D7097100649%26flash%3D11.6.602%26dt%3D1430489008426%26adx%3D15%26ady%3D0%26ifi%3D1&r=u&bs=-12245933,-12245933&bos=1904,1025&ps=-12245933,-12245933&ss=1920,1080&tt=324103&pt=16417&deb=1-1-1-0-68-983&tvt=47911&iframe_loc=http%3A%2F%2Fbbs.csdn.net%2Fsda%2FTopicBodyBottom.htm&is=728,90&fp=client%3Dca-pub-1076724771190722%26url%3Dhttp%253A%252F%252Fbbs.csdn.net%252Ftopics%252F190023979%26correlator%3D4313648713729%26ifk%3D3113954836%26eid%3D317150304%26oid%3D2 HTTP/1.1" 404 212
127.0.0.1 - - [01/May/2015:22:15:27 +0800] "GET /activeview?id=lidar2&v=292&adk=1&p=0,0,93,728&tos=0,0,0,0,0&mtos=0,0,0,0,0&rs=5&avi=B7mslCnxDVeC0IdCuoAPclYCACgAAAAAQATgByAEC4AQCoAY-&swf=l&r=t&bs=-12245933,-12245933&bos=1904,1025&ps=-12245933,-12245933&ss=1920,1080&tt=3601011&pt=64608&deb=1-1-1-0-2-0&tvt=0&iframe_loc=http%3A%2F%2Ftpc.googlesyndication.com%2Fsafeframe%2F1-0-2%2Fhtml%2Fcontainer.html%3Fn%3D1%23xpc%3Dsf-gdn-exp-1%26p%3Dhttp%253A%2F%2Fblog.csdn.net&is=728,90&url=http%3A%2F%2Ftpc.googlesyndication.com%2Fsafeframe%2F1-0-2%2Fhtml%2Fcontainer.html%3Fn%3D1%23xpc%3Dsf-gdn-exp-1%26p%3Dhttp%253A%2F%2Fblog.csdn.net&referrer=http%3A%2F%2Fblog.csdn.net%2Fcommon%2Fad.html%3Ft%3D4%26containerId%3Dad_cen%26frmId%3Dad_frm_0&anc=http%3A%2F%2Fblog.csdn.net,http%3A%2F%2Fblog.csdn.net&adep=2 HTTP/1.1" 404 208
